<?xml version="1.0" encoding="UTF-8"?>
<testsuite xmlns:xsi="http://www.w3.org/2001/XMLSchema-instance" xsi:noNamespaceSchemaLocation="https://maven.apache.org/surefire/maven-surefire-plugin/xsd/surefire-test-report-3.0.xsd" version="3.0" name="com.example.ApiClientTest" time="0.404" tests="4" errors="0" skipped="0" failures="0">
  <properties>
[...]
</properties>
  <testcase name="testGetAirportsUsedByPassenger" classname="com.example.ApiClientTest" time="0.335"/>
  <testcase name="testGetAirportsInCity" classname="com.example.ApiClientTest" time="0.013"/>
  <testcase name="testGetAircraftPassengers" classname="com.example.ApiClientTest" time="0.007"/>
  <testcase name="testGetAircraftTakeOffAndLand" classname="com.example.ApiClientTest" time="0.006"/>
</testsuite>